<?xml version="1.0" encoding="utf-8"?><testsuites name="pytest tests"><testsuite name="pytest" errors="0" failures="0" skipped="0" tests="11" time="3.704" timestamp="2026-04-17T17:32:11.425932+00:00" hostname="agent-env-5176a343-e922-4357-ba7f-a4a8b40c70ad"><testcase classname="test_iteration_3_features.TestForgotPasswordFlow" name="test_forgot_password_valid_email" time="0.238" /><testcase classname="test_iteration_3_features.TestForgotPasswordFlow" name="test_forgot_password_nonexistent_email" time="0.175" /><testcase classname="test_iteration_3_features.TestForgotPasswordFlow" name="test_reset_password_valid_token" time="0.999" /><testcase classname="test_iteration_3_features.TestForgotPasswordFlow" name="test_reset_password_invalid_token" time="0.109" /><testcase classname="test_iteration_3_features.TestForgotPasswordFlow" name="test_reset_password_used_token" time="0.770" /><testcase classname="test_iteration_3_features.TestForgotPasswordFlow" name="test_reset_password_short_password" time="0.155" /><testcase classname="test_iteration_3_features.TestAffiliateConfig" name="test_affiliate_config_amazon_tag" time="0.119" /><testcase classname="test_iteration_3_features.TestNearbyShopsEndpoint" name="test_nearby_shops_returns_results" time="0.400" /><testcase classname="test_iteration_3_features.TestNearbyShopsEndpoint" name="test_nearby_shops_different_location" time="0.325" /><testcase classname="test_iteration_3_features.TestHealthAndCore" name="test_health_endpoint" time="0.120" /><testcase classname="test_iteration_3_features.TestHealthAndCore" name="test_repair_library_count" time="0.203" /></testsuite></testsuites>