<?xml version="1.0" encoding="utf-8"?><testsuites name="pytest tests"><testsuite name="pytest" errors="0" failures="0" skipped="0" tests="11" time="35.853" timestamp="2026-04-17T18:26:58.801935+00:00" hostname="agent-env-5176a343-e922-4357-ba7f-a4a8b40c70ad"><testcase classname="tests.test_iteration_4_features.TestPushTokenRegistration" name="test_push_token_registration_authenticated" time="0.518" /><testcase classname="tests.test_iteration_4_features.TestPushTokenRegistration" name="test_push_token_registration_unauthenticated" time="0.150" /><testcase classname="tests.test_iteration_4_features.TestResendEmailIntegration" name="test_forgot_password_with_resend_fallback" time="0.153" /><testcase classname="tests.test_iteration_4_features.TestResendEmailIntegration" name="test_forgot_password_token_format" time="0.180" /><testcase classname="tests.test_iteration_4_features.TestDiagnosisWithPushNotification" name="test_diagnose_sends_push_notification" time="17.888" /><testcase classname="tests.test_iteration_4_features.TestDiagnosisWithPushNotification" name="test_diagnose_without_push_token" time="14.010" /><testcase classname="tests.test_iteration_4_features.TestRegressionPreviousFeatures" name="test_login_still_works" time="0.411" /><testcase classname="tests.test_iteration_4_features.TestRegressionPreviousFeatures" name="test_register_still_works" time="0.600" /><testcase classname="tests.test_iteration_4_features.TestRegressionPreviousFeatures" name="test_history_still_works" time="0.782" /><testcase classname="tests.test_iteration_4_features.TestRegressionPreviousFeatures" name="test_garage_still_works" time="0.798" /><testcase classname="tests.test_iteration_4_features.TestRegressionPreviousFeatures" name="test_health_endpoint" time="0.280" /></testsuite></testsuites>