<?xml version="1.0" encoding="utf-8"?><testsuites name="pytest tests"><testsuite name="pytest" errors="0" failures="0" skipped="0" tests="15" time="94.814" timestamp="2026-04-17T16:55:15.438566+00:00" hostname="agent-env-5176a343-e922-4357-ba7f-a4a8b40c70ad"><testcase classname="tests.test_backend_api.TestHealthAndLibrary" name="test_health_endpoint" time="0.263" /><testcase classname="tests.test_backend_api.TestHealthAndLibrary" name="test_repair_library_endpoint" time="0.140" /><testcase classname="tests.test_backend_api.TestDiagnoseEndpoint" name="test_diagnose_basic" time="17.076" /><testcase classname="tests.test_backend_api.TestDiagnoseEndpoint" name="test_diagnose_with_repair_match" time="18.859" /><testcase classname="tests.test_backend_api.TestDiagnoseEndpoint" name="test_diagnose_minimal_vehicle_info" time="0.566" /><testcase classname="tests.test_backend_api.TestChatEndpoint" name="test_chat_new_session" time="0.409" /><testcase classname="tests.test_backend_api.TestChatEndpoint" name="test_chat_existing_session" time="19.098" /><testcase classname="tests.test_backend_api.TestChatEndpoint" name="test_get_chat_session" time="9.452" /><testcase classname="tests.test_backend_api.TestHistoryEndpoint" name="test_get_history" time="0.156" /><testcase classname="tests.test_backend_api.TestHistoryEndpoint" name="test_get_specific_diagnosis" time="16.949" /><testcase classname="tests.test_backend_api.TestHistoryEndpoint" name="test_delete_diagnosis" time="10.140" /><testcase classname="tests.test_backend_api.TestHistoryEndpoint" name="test_get_nonexistent_diagnosis" time="0.156" /><testcase classname="tests.test_backend_api.TestVehicleEndpoints" name="test_save_vehicle" time="0.128" /><testcase classname="tests.test_backend_api.TestVehicleEndpoints" name="test_get_vehicles" time="0.130" /><testcase classname="tests.test_backend_api.TestVehicleEndpoints" name="test_delete_vehicle" time="1.160" /></testsuite></testsuites>