<?xml version="1.0" encoding="utf-8"?><testsuites name="pytest tests"><testsuite name="pytest" errors="0" failures="0" skipped="0" tests="22" time="47.748" timestamp="2026-04-17T17:20:44.908237+00:00" hostname="agent-env-5176a343-e922-4357-ba7f-a4a8b40c70ad"><testcase classname="tests.test_auth_and_features.TestAuthEndpoints" name="test_register_new_user" time="0.365" /><testcase classname="tests.test_auth_and_features.TestAuthEndpoints" name="test_register_duplicate_email" time="0.111" /><testcase classname="tests.test_auth_and_features.TestAuthEndpoints" name="test_login_admin_success" time="0.339" /><testcase classname="tests.test_auth_and_features.TestAuthEndpoints" name="test_login_invalid_credentials" time="0.331" /><testcase classname="tests.test_auth_and_features.TestAuthEndpoints" name="test_login_nonexistent_user" time="0.103" /><testcase classname="tests.test_auth_and_features.TestAuthEndpoints" name="test_get_me_with_token" time="0.410" /><testcase classname="tests.test_auth_and_features.TestAuthEndpoints" name="test_get_me_without_token" time="0.121" /><testcase classname="tests.test_auth_and_features.TestAuthEndpoints" name="test_get_me_invalid_token" time="0.118" /><testcase classname="tests.test_auth_and_features.TestAuthEndpoints" name="test_refresh_token" time="0.378" /><testcase classname="tests.test_auth_and_features.TestRepairLibrary" name="test_repair_library_count" time="0.127" /><testcase classname="tests.test_auth_and_features.TestRepairLibrary" name="test_repair_library_new_entries" time="0.122" /><testcase classname="tests.test_auth_and_features.TestNearbyShops" name="test_nearby_shops_endpoint" time="0.236" /><testcase classname="tests.test_auth_and_features.TestNearbyShops" name="test_nearby_shops_default_radius" time="0.254" /><testcase classname="tests.test_auth_and_features.TestAuthProtectedEndpoints" name="test_diagnose_with_auth" time="18.417" /><testcase classname="tests.test_auth_and_features.TestAuthProtectedEndpoints" name="test_diagnose_without_auth" time="16.775" /><testcase classname="tests.test_auth_and_features.TestAuthProtectedEndpoints" name="test_chat_with_auth" time="7.770" /><testcase classname="tests.test_auth_and_features.TestAuthProtectedEndpoints" name="test_history_with_auth" time="0.432" /><testcase classname="tests.test_auth_and_features.TestAuthProtectedEndpoints" name="test_vehicles_requires_auth" time="0.119" /><testcase classname="tests.test_auth_and_features.TestAuthProtectedEndpoints" name="test_vehicles_with_auth" time="0.443" /><testcase classname="tests.test_auth_and_features.TestAuthProtectedEndpoints" name="test_get_vehicles_requires_auth" time="0.104" /><testcase classname="tests.test_auth_and_features.TestAuthProtectedEndpoints" name="test_delete_vehicle_requires_auth" time="0.096" /><testcase classname="tests.test_auth_and_features.TestBruteForceLockout" name="test_brute_force_lockout" time="0.493" /></testsuite></testsuites>