<?xml version="1.0" encoding="utf-8"?><testsuites name="pytest tests"><testsuite name="pytest" errors="0" failures="1" skipped="0" tests="11" time="20.350" timestamp="2026-04-18T04:02:29.103648+00:00" hostname="agent-env-5176a343-e922-4357-ba7f-a4a8b40c70ad"><testcase classname="tests.test_iteration_5_stripe.TestSubscriptionStatus" name="test_subscription_status_for_admin" time="0.534" /><testcase classname="tests.test_iteration_5_stripe.TestSubscriptionStatus" name="test_subscription_status_requires_auth" time="0.151" /><testcase classname="tests.test_iteration_5_stripe.TestSubscribeEndpoint" name="test_subscribe_creates_checkout_session" time="0.973" /><testcase classname="tests.test_iteration_5_stripe.TestSubscribeEndpoint" name="test_subscribe_requires_auth" time="0.149" /><testcase classname="tests.test_iteration_5_stripe.TestDiagnosePaywall" name="test_diagnose_returns_403_for_free_tier_limit" time="0.501" /><testcase classname="tests.test_iteration_5_stripe.TestDiagnosePaywall" name="test_diagnose_works_for_new_free_user" time="15.705" /><testcase classname="tests.test_iteration_5_stripe.TestWebhookEndpoint" name="test_webhook_endpoint_exists" time="0.160" /><testcase classname="tests.test_iteration_5_stripe.TestCheckoutStatus" name="test_checkout_status_endpoint_exists" time="1.144"><failure message="assert 500 == 200&#10; +  where 500 = &lt;Response [500]&gt;.status_code">tests/test_iteration_5_stripe.py:273: in test_checkout_status_endpoint_exists
    assert response.status_code == 200
E   assert 500 == 200
E    +  where 500 = &lt;Response [500]&gt;.status_code</failure></testcase><testcase classname="tests.test_iteration_5_stripe.TestRegressionPreviousFeatures" name="test_login_still_works" time="0.364" /><testcase classname="tests.test_iteration_5_stripe.TestRegressionPreviousFeatures" name="test_health_endpoint" time="0.113" /><testcase classname="tests.test_iteration_5_stripe.TestRegressionPreviousFeatures" name="test_history_still_works" time="0.444" /></testsuite></testsuites>